# JRE version: OpenJDK Runtime Environment Temurin-25.0.2+10 (25.0.2+10) (build 25.0.2+10-LTS)
# Java VM: OpenJDK 64-Bit Server VM Temurin-25.0.2+10 (25.0.2+10-LTS, mixed mode, sharing, tiered, compressed oops, compressed class ptrs, g1 gc, windows-amd64)
GC Precious Log:
 CardTable entry size: 512
 Card Set container configuration: InlinePtr #cards 5 size 8 Array Of Cards #cards 10 size 36 Howl #buckets 4 coarsen threshold 1843 Howl Bitmap #cards 512 size 80 coarsen threshold 460 Card regions per heap region 1 cards per card region 2048
 CPUs: 12 total, 12 available
 Memory: 7863M
 Large Page Support: Disabled
 NUMA Support: Disabled
 Compressed Oops: Enabled (32-bit)
 Heap Region Size: 1M
 Heap Min Capacity: 8M
 Heap Initial Capacity: 124M
 Heap Max Capacity: 1966M
 Pre-touch: Disabled
 Parallel Workers: 10
 Concurrent Workers: 3
 Concurrent Refinement Workers: 10
 Periodic GC: Disabled
Heap:
 garbage-first heap   total reserved 2013184K, committed 84992K, used 48461K [0x0000000085200000, 0x0000000100000000)
  region size 1024K, 21 young (21504K), 3 survivors (3072K)
GC Heap Usage History (20 events):
Event: 3.844 {heap Before GC invocations=14 (full 0):
 garbage-first heap   total reserved 2013184K, committed 58368K, used 51890K [0x0000000085200000, 0x0000000100000000)
  region size 1024K, 34 young (34816K), 3 survivors (3072K)
}
Event: 3.847 {heap After GC invocations=15 (full 0):
 garbage-first heap   total reserved 2013184K, committed 58368K, used 21019K [0x0000000085200000, 0x0000000100000000)
  region size 1024K, 4 young (4096K), 4 survivors (4096K)
}
Event: 4.021 {heap Before GC invocations=15 (full 0):
 garbage-first heap   total reserved 2013184K, committed 58368K, used 51739K [0x0000000085200000, 0x0000000100000000)
  region size 1024K, 34 young (34816K), 4 survivors (4096K)
}
Event: 4.024 {heap After GC invocations=16 (full 0):
 garbage-first heap   total reserved 2013184K, committed 70656K, used 21237K [0x0000000085200000, 0x0000000100000000)
  region size 1024K, 2 young (2048K), 2 survivors (2048K)
}
Event: 4.270 {heap Before GC invocations=16 (full 0):
 garbage-first heap   total reserved 2013184K, committed 70656K, used 61173K [0x0000000085200000, 0x0000000100000000)
  region size 1024K, 41 young (41984K), 2 survivors (2048K)
}
Event: 4.273 {heap After GC invocations=17 (full 0):
 garbage-first heap   total reserved 2013184K, committed 70656K, used 21838K [0x0000000085200000, 0x0000000100000000)
  region size 1024K, 3 young (3072K), 3 survivors (3072K)
}
Event: 4.562 {heap Before GC invocations=17 (full 0):
 garbage-first heap   total reserved 2013184K, committed 70656K, used 60750K [0x0000000085200000, 0x0000000100000000)
  region size 1024K, 41 young (41984K), 3 survivors (3072K)
}
Event: 4.566 {heap After GC invocations=18 (full 0):
 garbage-first heap   total reserved 2013184K, committed 70656K, used 22246K [0x0000000085200000, 0x0000000100000000)
  region size 1024K, 3 young (3072K), 3 survivors (3072K)
}
Event: 4.860 {heap Before GC invocations=18 (full 0):
 garbage-first heap   total reserved 2013184K, committed 70656K, used 61158K [0x0000000085200000, 0x0000000100000000)
  region size 1024K, 41 young (41984K), 3 survivors (3072K)
}
Event: 4.864 {heap After GC invocations=19 (full 0):
 garbage-first heap   total reserved 2013184K, committed 70656K, used 23858K [0x0000000085200000, 0x0000000100000000)
  region size 1024K, 5 young (5120K), 5 survivors (5120K)
}
Event: 4.947 {heap Before GC invocations=19 (full 0):
 garbage-first heap   total reserved 2013184K, committed 70656K, used 32050K [0x0000000085200000, 0x0000000100000000)
  region size 1024K, 14 young (14336K), 5 survivors (5120K)
}
Event: 4.951 {heap After GC invocations=20 (full 0):
 garbage-first heap   total reserved 2013184K, committed 84992K, used 24361K [0x0000000085200000, 0x0000000100000000)
  region size 1024K, 4 young (4096K), 4 survivors (4096K)
}
Event: 5.801 {heap Before GC invocations=21 (full 0):
 garbage-first heap   total reserved 2013184K, committed 84992K, used 70441K [0x0000000085200000, 0x0000000100000000)
  region size 1024K, 49 young (50176K), 4 survivors (4096K)
}
Event: 5.808 {heap After GC invocations=22 (full 0):
 garbage-first heap   total reserved 2013184K, committed 84992K, used 26066K [0x0000000085200000, 0x0000000100000000)
  region size 1024K, 6 young (6144K), 6 survivors (6144K)
}
Event: 6.696 {heap Before GC invocations=22 (full 0):
 garbage-first heap   total reserved 2013184K, committed 84992K, used 70098K [0x0000000085200000, 0x0000000100000000)
  region size 1024K, 49 young (50176K), 6 survivors (6144K)
}
Event: 6.704 {heap After GC invocations=23 (full 0):
 garbage-first heap   total reserved 2013184K, committed 84992K, used 28811K [0x0000000085200000, 0x0000000100000000)
  region size 1024K, 7 young (7168K), 7 survivors (7168K)
}
Event: 42.096 {heap Before GC invocations=23 (full 0):
 garbage-first heap   total reserved 2013184K, committed 84992K, used 70795K [0x0000000085200000, 0x0000000100000000)
  region size 1024K, 49 young (50176K), 7 survivors (7168K)
}
Event: 42.100 {heap After GC invocations=24 (full 0):
 garbage-first heap   total reserved 2013184K, committed 84992K, used 30114K [0x0000000085200000, 0x0000000100000000)
  region size 1024K, 5 young (5120K), 5 survivors (5120K)
}
Event: 538.959 {heap Before GC invocations=24 (full 0):
 garbage-first heap   total reserved 2013184K, committed 84992K, used 74146K [0x0000000085200000, 0x0000000100000000)
  region size 1024K, 49 young (50176K), 5 survivors (5120K)
}
Event: 539.072 {heap After GC invocations=25 (full 0):
 garbage-first heap   total reserved 2013184K, committed 84992K, used 31053K [0x0000000085200000, 0x0000000100000000)
  region size 1024K, 3 young (3072K), 3 survivors (3072K)
}

