# JRE version: OpenJDK Runtime Environment Temurin-21.0.10+7 (21.0.10+7) (build 21.0.10+7-LTS)
# Java VM: OpenJDK 64-Bit Server VM Temurin-21.0.10+7 (21.0.10+7-LTS, mixed mode, sharing, tiered, compressed oops, compressed class ptrs, parallel gc, windows-amd64)
GC Precious Log:
 CardTable entry size: 512
 CPUs: 12 total, 12 available
 Memory: 7863M
 Large Page Support: Disabled
 NUMA Support: Disabled
 Compressed Oops: Enabled (32-bit)
 Alignments: Space 512K, Generation 512K, Heap 2M
 Heap Min Capacity: 100M
 Heap Initial Capacity: 100M
 Heap Max Capacity: 2G
 Pre-touch: Disabled
 Parallel Workers: 10
Heap:
 PSYoungGen      total 8192K, used 1008K [0x00000000d5580000, 0x00000000d6000000, 0x0000000100000000)
  eden space 7168K, 4% used [0x00000000d5580000,0x00000000d55d4110,0x00000000d5c80000)
  from space 1024K, 65% used [0x00000000d5f00000,0x00000000d5fa8000,0x00000000d6000000)
  to   space 1024K, 0% used [0x00000000d5e00000,0x00000000d5e00000,0x00000000d5f00000)
 ParOldGen       total 739328K, used 739121K [0x0000000080000000, 0x00000000ad200000, 0x00000000d5580000)
  object space 739328K, 99% used [0x0000000080000000,0x00000000ad1cc650,0x00000000ad200000)
 Metaspace       used 79301K, committed 81024K, reserved 1179648K
  class space    used 8092K, committed 8832K, reserved 1048576K
GC Heap History (20 events):
Event: 1511.892 GC heap before
{Heap before GC invocations=667 (full 4):
 PSYoungGen      total 8704K, used 8208K [0x00000000d5580000, 0x00000000d6200000, 0x0000000100000000)
  eden space 7168K, 100% used [0x00000000d5580000,0x00000000d5c80000,0x00000000d5c80000)
  from space 1536K, 67% used [0x00000000d6080000,0x00000000d6184010,0x00000000d6200000)
  to   space 1536K, 0% used [0x00000000d5f00000,0x00000000d5f00000,0x00000000d6080000)
 ParOldGen       total 731648K, used 731419K [0x0000000080000000, 0x00000000aca80000, 0x00000000d5580000)
  object space 731648K, 99% used [0x0000000080000000,0x00000000aca46d30,0x00000000aca80000)
 Metaspace       used 79246K, committed 80960K, reserved 1179648K
  class space    used 8090K, committed 8832K, reserved 1048576K
}
Event: 1511.895 GC heap after
{Heap after GC invocations=667 (full 4):
 PSYoungGen      total 8192K, used 823K [0x00000000d5580000, 0x00000000d6100000, 0x0000000100000000)
  eden space 7168K, 0% used [0x00000000d5580000,0x00000000d5580000,0x00000000d5c80000)
  from space 1024K, 80% used [0x00000000d5f00000,0x00000000d5fcdcc0,0x00000000d6000000)
  to   space 1024K, 0% used [0x00000000d6000000,0x00000000d6000000,0x00000000d6100000)
 ParOldGen       total 732672K, used 732304K [0x0000000080000000, 0x00000000acb80000, 0x00000000d5580000)
  object space 732672K, 99% used [0x0000000080000000,0x00000000acb243f0,0x00000000acb80000)
 Metaspace       used 79246K, committed 80960K, reserved 1179648K
  class space    used 8090K, committed 8832K, reserved 1048576K
}
Event: 1511.907 GC heap before
{Heap before GC invocations=668 (full 4):
 PSYoungGen      total 8192K, used 7991K [0x00000000d5580000, 0x00000000d6100000, 0x0000000100000000)
  eden space 7168K, 100% used [0x00000000d5580000,0x00000000d5c80000,0x00000000d5c80000)
  from space 1024K, 80% used [0x00000000d5f00000,0x00000000d5fcdcc0,0x00000000d6000000)
  to   space 1024K, 0% used [0x00000000d6000000,0x00000000d6000000,0x00000000d6100000)
 ParOldGen       total 732672K, used 732304K [0x0000000080000000, 0x00000000acb80000, 0x00000000d5580000)
  object space 732672K, 99% used [0x0000000080000000,0x00000000acb243f0,0x00000000acb80000)
 Metaspace       used 79246K, committed 80960K, reserved 1179648K
  class space    used 8090K, committed 8832K, reserved 1048576K
}
Event: 1511.910 GC heap after
{Heap after GC invocations=668 (full 4):
 PSYoungGen      total 8192K, used 832K [0x00000000d5580000, 0x00000000d6100000, 0x0000000100000000)
  eden space 7168K, 0% used [0x00000000d5580000,0x00000000d5580000,0x00000000d5c80000)
  from space 1024K, 81% used [0x00000000d6000000,0x00000000d60d0020,0x00000000d6100000)
  to   space 1024K, 0% used [0x00000000d5f00000,0x00000000d5f00000,0x00000000d6000000)
 ParOldGen       total 733184K, used 732953K [0x0000000080000000, 0x00000000acc00000, 0x00000000d5580000)
  object space 733184K, 99% used [0x0000000080000000,0x00000000acbc67c0,0x00000000acc00000)
 Metaspace       used 79246K, committed 80960K, reserved 1179648K
  class space    used 8090K, committed 8832K, reserved 1048576K
}
Event: 1511.940 GC heap before
{Heap before GC invocations=669 (full 4):
 PSYoungGen      total 8192K, used 8000K [0x00000000d5580000, 0x00000000d6100000, 0x0000000100000000)
  eden space 7168K, 100% used [0x00000000d5580000,0x00000000d5c80000,0x00000000d5c80000)
  from space 1024K, 81% used [0x00000000d6000000,0x00000000d60d0020,0x00000000d6100000)
  to   space 1024K, 0% used [0x00000000d5f00000,0x00000000d5f00000,0x00000000d6000000)
 ParOldGen       total 733184K, used 732953K [0x0000000080000000, 0x00000000acc00000, 0x00000000d5580000)
  object space 733184K, 99% used [0x0000000080000000,0x00000000acbc67c0,0x00000000acc00000)
 Metaspace       used 79252K, committed 80960K, reserved 1179648K
  class space    used 8091K, committed 8832K, reserved 1048576K
}
Event: 1511.943 GC heap after
{Heap after GC invocations=669 (full 4):
 PSYoungGen      total 8192K, used 1008K [0x00000000d5580000, 0x00000000d6080000, 0x0000000100000000)
  eden space 7168K, 0% used [0x00000000d5580000,0x00000000d5580000,0x00000000d5c80000)
  from space 1024K, 98% used [0x00000000d5f00000,0x00000000d5ffc010,0x00000000d6000000)
  to   space 512K, 0% used [0x00000000d6000000,0x00000000d6000000,0x00000000d6080000)
 ParOldGen       total 733696K, used 733609K [0x0000000080000000, 0x00000000acc80000, 0x00000000d5580000)
  object space 733696K, 99% used [0x0000000080000000,0x00000000acc6a7e0,0x00000000acc80000)
 Metaspace       used 79252K, committed 80960K, reserved 1179648K
  class space    used 8091K, committed 8832K, reserved 1048576K
}
Event: 1511.968 GC heap before
{Heap before GC invocations=670 (full 4):
 PSYoungGen      total 8192K, used 8176K [0x00000000d5580000, 0x00000000d6080000, 0x0000000100000000)
  eden space 7168K, 99% used [0x00000000d5580000,0x00000000d5c7fff8,0x00000000d5c80000)
  from space 1024K, 98% used [0x00000000d5f00000,0x00000000d5ffc010,0x00000000d6000000)
  to   space 512K, 0% used [0x00000000d6000000,0x00000000d6000000,0x00000000d6080000)
 ParOldGen       total 733696K, used 733609K [0x0000000080000000, 0x00000000acc80000, 0x00000000d5580000)
  object space 733696K, 99% used [0x0000000080000000,0x00000000acc6a7e0,0x00000000acc80000)
 Metaspace       used 79258K, committed 80960K, reserved 1179648K
  class space    used 8091K, committed 8832K, reserved 1048576K
}
Event: 1511.970 GC heap after
{Heap after GC invocations=670 (full 4):
 PSYoungGen      total 7680K, used 512K [0x00000000d5580000, 0x00000000d6080000, 0x0000000100000000)
  eden space 7168K, 0% used [0x00000000d5580000,0x00000000d5580000,0x00000000d5c80000)
  from space 512K, 100% used [0x00000000d6000000,0x00000000d6080000,0x00000000d6080000)
  to   space 2048K, 0% used [0x00000000d5c80000,0x00000000d5c80000,0x00000000d5e80000)
 ParOldGen       total 734720K, used 734626K [0x0000000080000000, 0x00000000acd80000, 0x00000000d5580000)
  object space 734720K, 99% used [0x0000000080000000,0x00000000acd68850,0x00000000acd80000)
 Metaspace       used 79258K, committed 80960K, reserved 1179648K
  class space    used 8091K, committed 8832K, reserved 1048576K
}
Event: 1512.027 GC heap before
{Heap before GC invocations=671 (full 4):
 PSYoungGen      total 7680K, used 7680K [0x00000000d5580000, 0x00000000d6080000, 0x0000000100000000)
  eden space 7168K, 100% used [0x00000000d5580000,0x00000000d5c80000,0x00000000d5c80000)
  from space 512K, 100% used [0x00000000d6000000,0x00000000d6080000,0x00000000d6080000)
  to   space 2048K, 0% used [0x00000000d5c80000,0x00000000d5c80000,0x00000000d5e80000)
 ParOldGen       total 734720K, used 734626K [0x0000000080000000, 0x00000000acd80000, 0x00000000d5580000)
  object space 734720K, 99% used [0x0000000080000000,0x00000000acd68850,0x00000000acd80000)
 Metaspace       used 79268K, committed 80960K, reserved 1179648K
  class space    used 8091K, committed 8832K, reserved 1048576K
}
Event: 1512.030 GC heap after
{Heap after GC invocations=671 (full 4):
 PSYoungGen      total 9216K, used 1306K [0x00000000d5580000, 0x00000000d6080000, 0x0000000100000000)
  eden space 7168K, 0% used [0x00000000d5580000,0x00000000d5580000,0x00000000d5c80000)
  from space 2048K, 63% used [0x00000000d5c80000,0x00000000d5dc6900,0x00000000d5e80000)
  to   space 1536K, 0% used [0x00000000d5f00000,0x00000000d5f00000,0x00000000d6080000)
 ParOldGen       total 735232K, used 735106K [0x0000000080000000, 0x00000000ace00000, 0x00000000d5580000)
  object space 735232K, 99% used [0x0000000080000000,0x00000000acde0880,0x00000000ace00000)
 Metaspace       used 79268K, committed 80960K, reserved 1179648K
  class space    used 8091K, committed 8832K, reserved 1048576K
}
Event: 1512.038 GC heap before
{Heap before GC invocations=672 (full 4):
 PSYoungGen      total 9216K, used 8474K [0x00000000d5580000, 0x00000000d6080000, 0x0000000100000000)
  eden space 7168K, 100% used [0x00000000d5580000,0x00000000d5c80000,0x00000000d5c80000)
  from space 2048K, 63% used [0x00000000d5c80000,0x00000000d5dc6900,0x00000000d5e80000)
  to   space 1536K, 0% used [0x00000000d5f00000,0x00000000d5f00000,0x00000000d6080000)
 ParOldGen       total 735232K, used 735106K [0x0000000080000000, 0x00000000ace00000, 0x00000000d5580000)
  object space 735232K, 99% used [0x0000000080000000,0x00000000acde0880,0x00000000ace00000)
 Metaspace       used 79270K, committed 80960K, reserved 1179648K
  class space    used 8091K, committed 8832K, reserved 1048576K
}
Event: 1512.040 GC heap after
{Heap after GC invocations=672 (full 4):
 PSYoungGen      total 8192K, used 608K [0x00000000d5580000, 0x00000000d6000000, 0x0000000100000000)
  eden space 7168K, 0% used [0x00000000d5580000,0x00000000d5580000,0x00000000d5c80000)
  from space 1024K, 59% used [0x00000000d5f00000,0x00000000d5f98020,0x00000000d6000000)
  to   space 1024K, 0% used [0x00000000d5e00000,0x00000000d5e00000,0x00000000d5f00000)
 ParOldGen       total 736256K, used 736170K [0x0000000080000000, 0x00000000acf00000, 0x00000000d5580000)
  object space 736256K, 99% used [0x0000000080000000,0x00000000aceeaac0,0x00000000acf00000)
 Metaspace       used 79270K, committed 80960K, reserved 1179648K
  class space    used 8091K, committed 8832K, reserved 1048576K
}
Event: 1512.056 GC heap before
{Heap before GC invocations=673 (full 4):
 PSYoungGen      total 8192K, used 7776K [0x00000000d5580000, 0x00000000d6000000, 0x0000000100000000)
  eden space 7168K, 100% used [0x00000000d5580000,0x00000000d5c80000,0x00000000d5c80000)
  from space 1024K, 59% used [0x00000000d5f00000,0x00000000d5f98020,0x00000000d6000000)
  to   space 1024K, 0% used [0x00000000d5e00000,0x00000000d5e00000,0x00000000d5f00000)
 ParOldGen       total 736256K, used 736170K [0x0000000080000000, 0x00000000acf00000, 0x00000000d5580000)
  object space 736256K, 99% used [0x0000000080000000,0x00000000aceeaac0,0x00000000acf00000)
 Metaspace       used 79270K, committed 80960K, reserved 1179648K
  class space    used 8091K, committed 8832K, reserved 1048576K
}
Event: 1512.058 GC heap after
{Heap after GC invocations=673 (full 4):
 PSYoungGen      total 8192K, used 992K [0x00000000d5580000, 0x00000000d6080000, 0x0000000100000000)
  eden space 7168K, 0% used [0x00000000d5580000,0x00000000d5580000,0x00000000d5c80000)
  from space 1024K, 96% used [0x00000000d5e00000,0x00000000d5ef8020,0x00000000d5f00000)
  to   space 1536K, 0% used [0x00000000d5f00000,0x00000000d5f00000,0x00000000d6080000)
 ParOldGen       total 737280K, used 736773K [0x0000000080000000, 0x00000000ad000000, 0x00000000d5580000)
  object space 737280K, 99% used [0x0000000080000000,0x00000000acf81580,0x00000000ad000000)
 Metaspace       used 79270K, committed 80960K, reserved 1179648K
  class space    used 8091K, committed 8832K, reserved 1048576K
}
Event: 1512.079 GC heap before
{Heap before GC invocations=674 (full 4):
 PSYoungGen      total 8192K, used 8160K [0x00000000d5580000, 0x00000000d6080000, 0x0000000100000000)
  eden space 7168K, 100% used [0x00000000d5580000,0x00000000d5c80000,0x00000000d5c80000)
  from space 1024K, 96% used [0x00000000d5e00000,0x00000000d5ef8020,0x00000000d5f00000)
  to   space 1536K, 0% used [0x00000000d5f00000,0x00000000d5f00000,0x00000000d6080000)
 ParOldGen       total 737280K, used 736773K [0x0000000080000000, 0x00000000ad000000, 0x00000000d5580000)
  object space 737280K, 99% used [0x0000000080000000,0x00000000acf81580,0x00000000ad000000)
 Metaspace       used 79272K, committed 80960K, reserved 1179648K
  class space    used 8091K, committed 8832K, reserved 1048576K
}
Event: 1512.081 GC heap after
{Heap after GC invocations=674 (full 4):
 PSYoungGen      total 8192K, used 624K [0x00000000d5580000, 0x00000000d6000000, 0x0000000100000000)
  eden space 7168K, 0% used [0x00000000d5580000,0x00000000d5580000,0x00000000d5c80000)
  from space 1024K, 60% used [0x00000000d5f00000,0x00000000d5f9c010,0x00000000d6000000)
  to   space 1024K, 0% used [0x00000000d5e00000,0x00000000d5e00000,0x00000000d5f00000)
 ParOldGen       total 737792K, used 737773K [0x0000000080000000, 0x00000000ad080000, 0x00000000d5580000)
  object space 737792K, 99% used [0x0000000080000000,0x00000000ad07b5a0,0x00000000ad080000)
 Metaspace       used 79272K, committed 80960K, reserved 1179648K
  class space    used 8091K, committed 8832K, reserved 1048576K
}
Event: 1512.106 GC heap before
{Heap before GC invocations=675 (full 4):
 PSYoungGen      total 8192K, used 7792K [0x00000000d5580000, 0x00000000d6000000, 0x0000000100000000)
  eden space 7168K, 100% used [0x00000000d5580000,0x00000000d5c80000,0x00000000d5c80000)
  from space 1024K, 60% used [0x00000000d5f00000,0x00000000d5f9c010,0x00000000d6000000)
  to   space 1024K, 0% used [0x00000000d5e00000,0x00000000d5e00000,0x00000000d5f00000)
 ParOldGen       total 737792K, used 737773K [0x0000000080000000, 0x00000000ad080000, 0x00000000d5580000)
  object space 737792K, 99% used [0x0000000080000000,0x00000000ad07b5a0,0x00000000ad080000)
 Metaspace       used 79279K, committed 81024K, reserved 1179648K
  class space    used 8092K, committed 8832K, reserved 1048576K
}
Event: 1512.109 GC heap after
{Heap after GC invocations=675 (full 4):
 PSYoungGen      total 8192K, used 1008K [0x00000000d5580000, 0x00000000d6080000, 0x0000000100000000)
  eden space 7168K, 0% used [0x00000000d5580000,0x00000000d5580000,0x00000000d5c80000)
  from space 1024K, 98% used [0x00000000d5e00000,0x00000000d5efc010,0x00000000d5f00000)
  to   space 1536K, 0% used [0x00000000d5f00000,0x00000000d5f00000,0x00000000d6080000)
 ParOldGen       total 738304K, used 738301K [0x0000000080000000, 0x00000000ad100000, 0x00000000d5580000)
  object space 738304K, 99% used [0x0000000080000000,0x00000000ad0ff620,0x00000000ad100000)
 Metaspace       used 79279K, committed 81024K, reserved 1179648K
  class space    used 8092K, committed 8832K, reserved 1048576K
}
Event: 1809.808 GC heap before
{Heap before GC invocations=676 (full 4):
 PSYoungGen      total 8192K, used 8176K [0x00000000d5580000, 0x00000000d6080000, 0x0000000100000000)
  eden space 7168K, 100% used [0x00000000d5580000,0x00000000d5c80000,0x00000000d5c80000)
  from space 1024K, 98% used [0x00000000d5e00000,0x00000000d5efc010,0x00000000d5f00000)
  to   space 1536K, 0% used [0x00000000d5f00000,0x00000000d5f00000,0x00000000d6080000)
 ParOldGen       total 738304K, used 738301K [0x0000000080000000, 0x00000000ad100000, 0x00000000d5580000)
  object space 738304K, 99% used [0x0000000080000000,0x00000000ad0ff620,0x00000000ad100000)
 Metaspace       used 79301K, committed 81024K, reserved 1179648K
  class space    used 8092K, committed 8832K, reserved 1048576K
}
Event: 1809.888 GC heap after
{Heap after GC invocations=676 (full 4):
 PSYoungGen      total 8192K, used 672K [0x00000000d5580000, 0x00000000d6000000, 0x0000000100000000)
  eden space 7168K, 0% used [0x00000000d5580000,0x00000000d5580000,0x00000000d5c80000)
  from space 1024K, 65% used [0x00000000d5f00000,0x00000000d5fa8000,0x00000000d6000000)
  to   space 1024K, 0% used [0x00000000d5e00000,0x00000000d5e00000,0x00000000d5f00000)
 ParOldGen       total 739328K, used 739121K [0x0000000080000000, 0x00000000ad200000, 0x00000000d5580000)
  object space 739328K, 99% used [0x0000000080000000,0x00000000ad1cc650,0x00000000ad200000)
 Metaspace       used 79301K, committed 81024K, reserved 1179648K
  class space    used 8092K, committed 8832K, reserved 1048576K
}

