# JRE version: OpenJDK Runtime Environment Temurin-21.0.10+7 (21.0.10+7) (build 21.0.10+7-LTS)
# Java VM: OpenJDK 64-Bit Server VM Temurin-21.0.10+7 (21.0.10+7-LTS, mixed mode, sharing, tiered, compressed oops, compressed class ptrs, parallel gc, windows-amd64)
GC Precious Log:
 CardTable entry size: 512
 CPUs: 12 total, 12 available
 Memory: 7863M
 Large Page Support: Disabled
 NUMA Support: Disabled
 Compressed Oops: Enabled (32-bit)
 Alignments: Space 512K, Generation 512K, Heap 2M
 Heap Min Capacity: 100M
 Heap Initial Capacity: 100M
 Heap Max Capacity: 2G
 Pre-touch: Disabled
 Parallel Workers: 10
Heap:
 PSYoungGen      total 2048K, used 1519K [0x00000000d5580000, 0x00000000d5880000, 0x0000000100000000)
  eden space 1536K, 88% used [0x00000000d5580000,0x00000000d56d3e78,0x00000000d5700000)
  from space 512K, 31% used [0x00000000d5800000,0x00000000d5828000,0x00000000d5880000)
  to   space 512K, 0% used [0x00000000d5780000,0x00000000d5780000,0x00000000d5800000)
 ParOldGen       total 526848K, used 526459K [0x0000000080000000, 0x00000000a0280000, 0x00000000d5580000)
  object space 526848K, 99% used [0x0000000080000000,0x00000000a021ed10,0x00000000a0280000)
 Metaspace       used 75469K, committed 77248K, reserved 1179648K
  class space    used 7984K, committed 8768K, reserved 1048576K
GC Heap History (20 events):
Event: 7905.223 GC heap before
{Heap before GC invocations=1068 (full 3):
 PSYoungGen      total 2048K, used 2048K [0x00000000d5580000, 0x00000000d5900000, 0x0000000100000000)
  eden space 1536K, 100% used [0x00000000d5580000,0x00000000d5700000,0x00000000d5700000)
  from space 512K, 100% used [0x00000000d5800000,0x00000000d5880000,0x00000000d5880000)
  to   space 1024K, 0% used [0x00000000d5700000,0x00000000d5700000,0x00000000d5800000)
 ParOldGen       total 524800K, used 524379K [0x0000000080000000, 0x00000000a0080000, 0x00000000d5580000)
  object space 524800K, 99% used [0x0000000080000000,0x00000000a0016f98,0x00000000a0080000)
 Metaspace       used 75436K, committed 77120K, reserved 1179648K
  class space    used 7984K, committed 8768K, reserved 1048576K
}
Event: 7905.225 GC heap after
{Heap after GC invocations=1068 (full 3):
 PSYoungGen      total 2560K, used 576K [0x00000000d5580000, 0x00000000d5900000, 0x0000000100000000)
  eden space 1536K, 0% used [0x00000000d5580000,0x00000000d5580000,0x00000000d5700000)
  from space 1024K, 56% used [0x00000000d5700000,0x00000000d5790000,0x00000000d5800000)
  to   space 1024K, 0% used [0x00000000d5800000,0x00000000d5800000,0x00000000d5900000)
 ParOldGen       total 524800K, used 524491K [0x0000000080000000, 0x00000000a0080000, 0x00000000d5580000)
  object space 524800K, 99% used [0x0000000080000000,0x00000000a0032f98,0x00000000a0080000)
 Metaspace       used 75436K, committed 77120K, reserved 1179648K
  class space    used 7984K, committed 8768K, reserved 1048576K
}
Event: 7905.284 GC heap before
{Heap before GC invocations=1069 (full 3):
 PSYoungGen      total 2560K, used 2106K [0x00000000d5580000, 0x00000000d5900000, 0x0000000100000000)
  eden space 1536K, 99% used [0x00000000d5580000,0x00000000d56fea00,0x00000000d5700000)
  from space 1024K, 56% used [0x00000000d5700000,0x00000000d5790000,0x00000000d5800000)
  to   space 1024K, 0% used [0x00000000d5800000,0x00000000d5800000,0x00000000d5900000)
 ParOldGen       total 524800K, used 524491K [0x0000000080000000, 0x00000000a0080000, 0x00000000d5580000)
  object space 524800K, 99% used [0x0000000080000000,0x00000000a0032f98,0x00000000a0080000)
 Metaspace       used 75448K, committed 77120K, reserved 1179648K
  class space    used 7984K, committed 8768K, reserved 1048576K
}
Event: 7905.287 GC heap after
{Heap after GC invocations=1069 (full 3):
 PSYoungGen      total 2048K, used 352K [0x00000000d5580000, 0x00000000d5880000, 0x0000000100000000)
  eden space 1536K, 0% used [0x00000000d5580000,0x00000000d5580000,0x00000000d5700000)
  from space 512K, 68% used [0x00000000d5800000,0x00000000d5858000,0x00000000d5880000)
  to   space 512K, 0% used [0x00000000d5780000,0x00000000d5780000,0x00000000d5800000)
 ParOldGen       total 525312K, used 524843K [0x0000000080000000, 0x00000000a0100000, 0x00000000d5580000)
  object space 525312K, 99% used [0x0000000080000000,0x00000000a008af98,0x00000000a0100000)
 Metaspace       used 75448K, committed 77120K, reserved 1179648K
  class space    used 7984K, committed 8768K, reserved 1048576K
}
Event: 7905.510 GC heap before
{Heap before GC invocations=1070 (full 3):
 PSYoungGen      total 2048K, used 1888K [0x00000000d5580000, 0x00000000d5880000, 0x0000000100000000)
  eden space 1536K, 100% used [0x00000000d5580000,0x00000000d5700000,0x00000000d5700000)
  from space 512K, 68% used [0x00000000d5800000,0x00000000d5858000,0x00000000d5880000)
  to   space 512K, 0% used [0x00000000d5780000,0x00000000d5780000,0x00000000d5800000)
 ParOldGen       total 525312K, used 524843K [0x0000000080000000, 0x00000000a0100000, 0x00000000d5580000)
  object space 525312K, 99% used [0x0000000080000000,0x00000000a008af98,0x00000000a0100000)
 Metaspace       used 75448K, committed 77120K, reserved 1179648K
  class space    used 7984K, committed 8768K, reserved 1048576K
}
Event: 7905.511 GC heap after
{Heap after GC invocations=1070 (full 3):
 PSYoungGen      total 2048K, used 224K [0x00000000d5580000, 0x00000000d5880000, 0x0000000100000000)
  eden space 1536K, 0% used [0x00000000d5580000,0x00000000d5580000,0x00000000d5700000)
  from space 512K, 43% used [0x00000000d5780000,0x00000000d57b8000,0x00000000d5800000)
  to   space 512K, 0% used [0x00000000d5800000,0x00000000d5800000,0x00000000d5880000)
 ParOldGen       total 525312K, used 524923K [0x0000000080000000, 0x00000000a0100000, 0x00000000d5580000)
  object space 525312K, 99% used [0x0000000080000000,0x00000000a009ef98,0x00000000a0100000)
 Metaspace       used 75448K, committed 77120K, reserved 1179648K
  class space    used 7984K, committed 8768K, reserved 1048576K
}
Event: 7905.747 GC heap before
{Heap before GC invocations=1071 (full 3):
 PSYoungGen      total 2048K, used 1736K [0x00000000d5580000, 0x00000000d5880000, 0x0000000100000000)
  eden space 1536K, 98% used [0x00000000d5580000,0x00000000d56fa1f0,0x00000000d5700000)
  from space 512K, 43% used [0x00000000d5780000,0x00000000d57b8000,0x00000000d5800000)
  to   space 512K, 0% used [0x00000000d5800000,0x00000000d5800000,0x00000000d5880000)
 ParOldGen       total 525312K, used 524923K [0x0000000080000000, 0x00000000a0100000, 0x00000000d5580000)
  object space 525312K, 99% used [0x0000000080000000,0x00000000a009ef98,0x00000000a0100000)
 Metaspace       used 75466K, committed 77248K, reserved 1179648K
  class space    used 7984K, committed 8768K, reserved 1048576K
}
Event: 7905.750 GC heap after
{Heap after GC invocations=1071 (full 3):
 PSYoungGen      total 2048K, used 480K [0x00000000d5580000, 0x00000000d5900000, 0x0000000100000000)
  eden space 1536K, 0% used [0x00000000d5580000,0x00000000d5580000,0x00000000d5700000)
  from space 512K, 93% used [0x00000000d5800000,0x00000000d5878010,0x00000000d5880000)
  to   space 1024K, 0% used [0x00000000d5700000,0x00000000d5700000,0x00000000d5800000)
 ParOldGen       total 525312K, used 525027K [0x0000000080000000, 0x00000000a0100000, 0x00000000d5580000)
  object space 525312K, 99% used [0x0000000080000000,0x00000000a00b8f98,0x00000000a0100000)
 Metaspace       used 75466K, committed 77248K, reserved 1179648K
  class space    used 7984K, committed 8768K, reserved 1048576K
}
Event: 7905.775 GC heap before
{Heap before GC invocations=1072 (full 3):
 PSYoungGen      total 2048K, used 2015K [0x00000000d5580000, 0x00000000d5900000, 0x0000000100000000)
  eden space 1536K, 99% used [0x00000000d5580000,0x00000000d56fffc8,0x00000000d5700000)
  from space 512K, 93% used [0x00000000d5800000,0x00000000d5878010,0x00000000d5880000)
  to   space 1024K, 0% used [0x00000000d5700000,0x00000000d5700000,0x00000000d5800000)
 ParOldGen       total 525312K, used 525027K [0x0000000080000000, 0x00000000a0100000, 0x00000000d5580000)
  object space 525312K, 99% used [0x0000000080000000,0x00000000a00b8f98,0x00000000a0100000)
 Metaspace       used 75466K, committed 77248K, reserved 1179648K
  class space    used 7984K, committed 8768K, reserved 1048576K
}
Event: 7905.778 GC heap after
{Heap after GC invocations=1072 (full 3):
 PSYoungGen      total 2560K, used 224K [0x00000000d5580000, 0x00000000d5880000, 0x0000000100000000)
  eden space 1536K, 0% used [0x00000000d5580000,0x00000000d5580000,0x00000000d5700000)
  from space 1024K, 21% used [0x00000000d5700000,0x00000000d5738010,0x00000000d5800000)
  to   space 512K, 0% used [0x00000000d5800000,0x00000000d5800000,0x00000000d5880000)
 ParOldGen       total 525824K, used 525355K [0x0000000080000000, 0x00000000a0180000, 0x00000000d5580000)
  object space 525824K, 99% used [0x0000000080000000,0x00000000a010afa8,0x00000000a0180000)
 Metaspace       used 75466K, committed 77248K, reserved 1179648K
  class space    used 7984K, committed 8768K, reserved 1048576K
}
Event: 7905.807 GC heap before
{Heap before GC invocations=1073 (full 3):
 PSYoungGen      total 2560K, used 1147K [0x00000000d5580000, 0x00000000d5880000, 0x0000000100000000)
  eden space 1536K, 60% used [0x00000000d5580000,0x00000000d5666f38,0x00000000d5700000)
  from space 1024K, 21% used [0x00000000d5700000,0x00000000d5738010,0x00000000d5800000)
  to   space 512K, 0% used [0x00000000d5800000,0x00000000d5800000,0x00000000d5880000)
 ParOldGen       total 525824K, used 525355K [0x0000000080000000, 0x00000000a0180000, 0x00000000d5580000)
  object space 525824K, 99% used [0x0000000080000000,0x00000000a010afa8,0x00000000a0180000)
 Metaspace       used 75466K, committed 77248K, reserved 1179648K
  class space    used 7984K, committed 8768K, reserved 1048576K
}
Event: 7905.809 GC heap after
{Heap after GC invocations=1073 (full 3):
 PSYoungGen      total 2048K, used 128K [0x00000000d5580000, 0x00000000d5880000, 0x0000000100000000)
  eden space 1536K, 0% used [0x00000000d5580000,0x00000000d5580000,0x00000000d5700000)
  from space 512K, 25% used [0x00000000d5800000,0x00000000d5820000,0x00000000d5880000)
  to   space 512K, 0% used [0x00000000d5780000,0x00000000d5780000,0x00000000d5800000)
 ParOldGen       total 525824K, used 525411K [0x0000000080000000, 0x00000000a0180000, 0x00000000d5580000)
  object space 525824K, 99% used [0x0000000080000000,0x00000000a0118fb8,0x00000000a0180000)
 Metaspace       used 75466K, committed 77248K, reserved 1179648K
  class space    used 7984K, committed 8768K, reserved 1048576K
}
Event: 7905.816 GC heap before
{Heap before GC invocations=1074 (full 3):
 PSYoungGen      total 2048K, used 1603K [0x00000000d5580000, 0x00000000d5880000, 0x0000000100000000)
  eden space 1536K, 96% used [0x00000000d5580000,0x00000000d56f0f18,0x00000000d5700000)
  from space 512K, 25% used [0x00000000d5800000,0x00000000d5820000,0x00000000d5880000)
  to   space 512K, 0% used [0x00000000d5780000,0x00000000d5780000,0x00000000d5800000)
 ParOldGen       total 525824K, used 525411K [0x0000000080000000, 0x00000000a0180000, 0x00000000d5580000)
  object space 525824K, 99% used [0x0000000080000000,0x00000000a0118fb8,0x00000000a0180000)
 Metaspace       used 75466K, committed 77248K, reserved 1179648K
  class space    used 7984K, committed 8768K, reserved 1048576K
}
Event: 7905.819 GC heap after
{Heap after GC invocations=1074 (full 3):
 PSYoungGen      total 2048K, used 500K [0x00000000d5580000, 0x00000000d5900000, 0x0000000100000000)
  eden space 1536K, 0% used [0x00000000d5580000,0x00000000d5580000,0x00000000d5700000)
  from space 512K, 97% used [0x00000000d5780000,0x00000000d57fd198,0x00000000d5800000)
  to   space 1024K, 0% used [0x00000000d5800000,0x00000000d5800000,0x00000000d5900000)
 ParOldGen       total 526848K, used 526216K [0x0000000080000000, 0x00000000a0280000, 0x00000000d5580000)
  object space 526848K, 99% used [0x0000000080000000,0x00000000a01e2130,0x00000000a0280000)
 Metaspace       used 75466K, committed 77248K, reserved 1179648K
  class space    used 7984K, committed 8768K, reserved 1048576K
}
Event: 7905.859 GC heap before
{Heap before GC invocations=1075 (full 3):
 PSYoungGen      total 2048K, used 2036K [0x00000000d5580000, 0x00000000d5900000, 0x0000000100000000)
  eden space 1536K, 100% used [0x00000000d5580000,0x00000000d5700000,0x00000000d5700000)
  from space 512K, 97% used [0x00000000d5780000,0x00000000d57fd198,0x00000000d5800000)
  to   space 1024K, 0% used [0x00000000d5800000,0x00000000d5800000,0x00000000d5900000)
 ParOldGen       total 526848K, used 526216K [0x0000000080000000, 0x00000000a0280000, 0x00000000d5580000)
  object space 526848K, 99% used [0x0000000080000000,0x00000000a01e2130,0x00000000a0280000)
 Metaspace       used 75466K, committed 77248K, reserved 1179648K
  class space    used 7984K, committed 8768K, reserved 1048576K
}
Event: 7905.863 GC heap after
{Heap after GC invocations=1075 (full 3):
 PSYoungGen      total 2048K, used 332K [0x00000000d5580000, 0x00000000d5880000, 0x0000000100000000)
  eden space 1536K, 0% used [0x00000000d5580000,0x00000000d5580000,0x00000000d5700000)
  from space 512K, 64% used [0x00000000d5800000,0x00000000d5853138,0x00000000d5880000)
  to   space 512K, 0% used [0x00000000d5780000,0x00000000d5780000,0x00000000d5800000)
 ParOldGen       total 526848K, used 526395K [0x0000000080000000, 0x00000000a0280000, 0x00000000d5580000)
  object space 526848K, 99% used [0x0000000080000000,0x00000000a020ed10,0x00000000a0280000)
 Metaspace       used 75466K, committed 77248K, reserved 1179648K
  class space    used 7984K, committed 8768K, reserved 1048576K
}
Event: 7905.911 GC heap before
{Heap before GC invocations=1076 (full 3):
 PSYoungGen      total 2048K, used 1868K [0x00000000d5580000, 0x00000000d5880000, 0x0000000100000000)
  eden space 1536K, 100% used [0x00000000d5580000,0x00000000d5700000,0x00000000d5700000)
  from space 512K, 64% used [0x00000000d5800000,0x00000000d5853138,0x00000000d5880000)
  to   space 512K, 0% used [0x00000000d5780000,0x00000000d5780000,0x00000000d5800000)
 ParOldGen       total 526848K, used 526395K [0x0000000080000000, 0x00000000a0280000, 0x00000000d5580000)
  object space 526848K, 99% used [0x0000000080000000,0x00000000a020ed10,0x00000000a0280000)
 Metaspace       used 75466K, committed 77248K, reserved 1179648K
  class space    used 7984K, committed 8768K, reserved 1048576K
}
Event: 7905.913 GC heap after
{Heap after GC invocations=1076 (full 3):
 PSYoungGen      total 2048K, used 280K [0x00000000d5580000, 0x00000000d5880000, 0x0000000100000000)
  eden space 1536K, 0% used [0x00000000d5580000,0x00000000d5580000,0x00000000d5700000)
  from space 512K, 54% used [0x00000000d5780000,0x00000000d57c61e0,0x00000000d5800000)
  to   space 512K, 0% used [0x00000000d5800000,0x00000000d5800000,0x00000000d5880000)
 ParOldGen       total 526848K, used 526427K [0x0000000080000000, 0x00000000a0280000, 0x00000000d5580000)
  object space 526848K, 99% used [0x0000000080000000,0x00000000a0216d10,0x00000000a0280000)
 Metaspace       used 75466K, committed 77248K, reserved 1179648K
  class space    used 7984K, committed 8768K, reserved 1048576K
}
Event: 7906.022 GC heap before
{Heap before GC invocations=1077 (full 3):
 PSYoungGen      total 2048K, used 1816K [0x00000000d5580000, 0x00000000d5880000, 0x0000000100000000)
  eden space 1536K, 100% used [0x00000000d5580000,0x00000000d5700000,0x00000000d5700000)
  from space 512K, 54% used [0x00000000d5780000,0x00000000d57c61e0,0x00000000d5800000)
  to   space 512K, 0% used [0x00000000d5800000,0x00000000d5800000,0x00000000d5880000)
 ParOldGen       total 526848K, used 526427K [0x0000000080000000, 0x00000000a0280000, 0x00000000d5580000)
  object space 526848K, 99% used [0x0000000080000000,0x00000000a0216d10,0x00000000a0280000)
 Metaspace       used 75466K, committed 77248K, reserved 1179648K
  class space    used 7984K, committed 8768K, reserved 1048576K
}
Event: 7906.025 GC heap after
{Heap after GC invocations=1077 (full 3):
 PSYoungGen      total 2048K, used 160K [0x00000000d5580000, 0x00000000d5880000, 0x0000000100000000)
  eden space 1536K, 0% used [0x00000000d5580000,0x00000000d5580000,0x00000000d5700000)
  from space 512K, 31% used [0x00000000d5800000,0x00000000d5828000,0x00000000d5880000)
  to   space 512K, 0% used [0x00000000d5780000,0x00000000d5780000,0x00000000d5800000)
 ParOldGen       total 526848K, used 526459K [0x0000000080000000, 0x00000000a0280000, 0x00000000d5580000)
  object space 526848K, 99% used [0x0000000080000000,0x00000000a021ed10,0x00000000a0280000)
 Metaspace       used 75466K, committed 77248K, reserved 1179648K
  class space    used 7984K, committed 8768K, reserved 1048576K
}

